<?xml version="1.0" encoding="UTF-8"?>
<!-- Generated by org.testng.reporters.JUnitReportReporter -->
<testsuite skipped="0" hostname="DESKTOP-HBH5DMJ" name="maven.sampleProgram" tests="1" failures="0" timestamp="2020-01-09T11:50:56 IST" time="13.737" errors="0">
  <testcase name="f" time="13.737" classname="maven.sampleProgram"/>
</testsuite> <!-- maven.sampleProgram -->
