<?xml version="1.0" encoding="UTF-8"?>
<!-- Generated by org.testng.reporters.JUnitReportReporter -->
<testsuite skipped="0" hostname="DESKTOP-HBH5DMJ" name="maven.sampleProgram" tests="1" failures="0" timestamp="2020-01-09T10:59:32 IST" time="11.085" errors="0">
  <testcase name="f" time="11.085" classname="maven.sampleProgram"/>
</testsuite> <!-- maven.sampleProgram -->
