<?xml version="1.0" encoding="UTF-8"?>
<!-- Generated by org.testng.reporters.JUnitReportReporter -->
<testsuite hostname="DESKTOP-HBH5DMJ" failures="0" tests="1" name="maven.sampleProgram" time="11.212" errors="0" timestamp="2020-01-09T11:19:56 IST" skipped="0">
  <testcase classname="maven.sampleProgram" name="f" time="11.212"/>
</testsuite> <!-- maven.sampleProgram -->
